<?xml version="1.0" encoding="UTF-8"?>
<!-- Generated by org.testng.reporters.JUnitXMLReporter -->
<testsuite ignored="0" hostname="LAPTOP-2S99OJKB" failures="0" tests="4" name="Test" time="8.596" errors="0" timestamp="17 Nov 2024 19:22:37 GMT">
  <testcase classname="api.test.UserTests" name="testPostUser" time="3.44"/>
  <testcase classname="api.test.UserTests" name="testGetUserByname" time="1.23"/>
  <testcase classname="api.test.UserTests" name="testUpdateUserByName" time="2.353"/>
  <testcase classname="api.test.UserTests" name="testdeleteUserByname" time="1.338"/>
</testsuite> <!-- Test -->
