<?xml version="1.0" encoding="UTF-8"?>
<!-- Generated by org.testng.reporters.JUnitXMLReporter -->
<testsuite ignored="0" hostname="LAPTOP-2S99OJKB" failures="0" tests="4" name="Surefire test" time="12.765" errors="0" timestamp="23 Nov 2024 15:33:08 GMT">
  <testcase classname="api.test.UserTests" name="testPostUser" time="6.098"/>
  <testcase classname="api.test.UserTests" name="testGetUserByname" time="1.564"/>
  <testcase classname="api.test.UserTests" name="testUpdateUserByName" time="3.167"/>
  <testcase classname="api.test.UserTests" name="testdeleteUserByname" time="1.535"/>
</testsuite> <!-- Surefire test -->
