<?xml version="1.0" encoding="UTF-8"?>
<!-- Generated by org.testng.reporters.JUnitXMLReporter -->
<testsuite ignored="0" hostname="LAPTOP-2S99OJKB" failures="0" tests="4" name="Surefire test" time="8.174" errors="0" timestamp="21 Nov 2024 03:52:09 GMT">
  <testcase classname="api.test.UserTests" name="testPostUser" time="3.145"/>
  <testcase classname="api.test.UserTests" name="testGetUserByname" time="1.209"/>
  <testcase classname="api.test.UserTests" name="testUpdateUserByName" time="2.4"/>
  <testcase classname="api.test.UserTests" name="testdeleteUserByname" time="1.178"/>
</testsuite> <!-- Surefire test -->
