<?xml version="1.0" encoding="UTF-8"?>
<!-- Generated by org.testng.reporters.JUnitXMLReporter -->
<testsuite ignored="0" hostname="LAPTOP-2S99OJKB" failures="0" tests="4" name="Default test" time="8.789" errors="0" timestamp="17 Nov 2024 17:53:08 GMT">
  <testcase classname="api.test.UserTests" name="testPostUser" time="3.414"/>
  <testcase classname="api.test.UserTests" name="testGetUserByname" time="1.242"/>
  <testcase classname="api.test.UserTests" name="testUpdateUserByName" time="2.492"/>
  <testcase classname="api.test.UserTests" name="testdeleteUserByname" time="1.421"/>
</testsuite> <!-- Default test -->
