<?xml version="1.0" encoding="UTF-8"?>
<testng-results ignored="0" total="4" passed="4" failed="0" skipped="0">
  <reporter-output>
  </reporter-output>
  <suite started-at="2024-11-21T03:52:01Z" name="Surefire suite" finished-at="2024-11-21T03:52:09Z" duration-ms="8174">
    <groups>
    </groups>
    <test started-at="2024-11-21T03:52:01Z" name="Surefire test" finished-at="2024-11-21T03:52:09Z" duration-ms="8174">
      <class name="api.test.UserTests">
        <test-method is-config="true" signature="setupData()[pri:0, instance:api.test.UserTests@6b0c2d26]" started-at="2024-11-21T09:22:01Z" name="setupData" finished-at="2024-11-21T09:22:01Z" duration-ms="229" status="PASS">
          <reporter-output>
          </reporter-output>
        </test-method> <!-- setupData -->
        <test-method signature="testPostUser()[pri:1, instance:api.test.UserTests@6b0c2d26]" started-at="2024-11-21T09:22:01Z" name="testPostUser" finished-at="2024-11-21T09:22:04Z" duration-ms="3145" status="PASS">
          <reporter-output>
          </reporter-output>
        </test-method> <!-- testPostUser -->
        <test-method signature="testGetUserByname()[pri:2, instance:api.test.UserTests@6b0c2d26]" started-at="2024-11-21T09:22:04Z" name="testGetUserByname" finished-at="2024-11-21T09:22:05Z" duration-ms="1209" status="PASS">
          <reporter-output>
          </reporter-output>
        </test-method> <!-- testGetUserByname -->
        <test-method signature="testUpdateUserByName()[pri:3, instance:api.test.UserTests@6b0c2d26]" started-at="2024-11-21T09:22:05Z" name="testUpdateUserByName" finished-at="2024-11-21T09:22:08Z" duration-ms="2400" status="PASS">
          <reporter-output>
          </reporter-output>
        </test-method> <!-- testUpdateUserByName -->
        <test-method signature="testdeleteUserByname()[pri:4, instance:api.test.UserTests@6b0c2d26]" started-at="2024-11-21T09:22:08Z" name="testdeleteUserByname" finished-at="2024-11-21T09:22:09Z" duration-ms="1178" status="PASS">
          <reporter-output>
          </reporter-output>
        </test-method> <!-- testdeleteUserByname -->
      </class> <!-- api.test.UserTests -->
    </test> <!-- Surefire test -->
  </suite> <!-- Surefire suite -->
</testng-results>
