<?xml version="1.0" encoding="UTF-8"?>
<testsuite xmlns:xsi="http://www.w3.org/2001/XMLSchema-instance" xsi:noNamespaceSchemaLocation="https://maven.apache.org/surefire/maven-surefire-plugin/xsd/surefire-test-report.xsd" version="3.0.2" name="api.test.UserTests" time="13.199" tests="4" errors="0" skipped="0" failures="0">
  <properties>
[...]
</properties>
  <testcase name="testPostUser" classname="api.test.UserTests" time="6.119">
    <system-out><![CDATA[HTTP/1.1 404 Not Found
Date: Sat, 23 Nov 2024 15:33:01 GMT
Content-Type: text/html
Transfer-Encoding: chunked
Connection: keep-alive
Server: nginx
Vary: Accept-Encoding
Access-Control-Allow-Origin: *
Access-Control-Allow-Methods: GET, POST, OPTIONS
Access-Control-Allow-Headers: DNT,X-CustomHeader,Keep-Alive,User-Agent,X-Requested-With,If-Modified-Since,Cache-Control,Content-Type
X-Frame-Options: DENY
Content-Security-Policy: frame-ancestors 'none'
Content-Encoding: gzip

<html>
  <head>
    <title>404 Not Found</title>
  </head>
  <body>
    <center>
      <h1>404 Not Found</h1>
    </center>
    <hr/>
    <center>nginx</center>
  </body>
</html>
]]></system-out>
  </testcase>
  <testcase name="testGetUserByname" classname="api.test.UserTests" time="1.562">
    <system-out><![CDATA[HTTP/1.1 404 Not Found
Date: Sat, 23 Nov 2024 15:33:03 GMT
Content-Type: text/html
Transfer-Encoding: chunked
Connection: keep-alive
Server: nginx
Vary: Accept-Encoding
Access-Control-Allow-Origin: *
Access-Control-Allow-Methods: GET, POST, OPTIONS
Access-Control-Allow-Headers: DNT,X-CustomHeader,Keep-Alive,User-Agent,X-Requested-With,If-Modified-Since,Cache-Control,Content-Type
X-Frame-Options: DENY
Content-Security-Policy: frame-ancestors 'none'
Content-Encoding: gzip

<html>
  <head>
    <title>404 Not Found</title>
  </head>
  <body>
    <center>
      <h1>404 Not Found</h1>
    </center>
    <hr/>
    <center>nginx</center>
  </body>
</html>
]]></system-out>
  </testcase>
  <testcase name="testUpdateUserByName" classname="api.test.UserTests" time="3.144">
    <system-out><![CDATA[<html>
  <head>
    <title>405 Not Allowed</title>
  </head>
  <body>
    <center>
      <h1>405 Not Allowed</h1>
    </center>
    <hr/>
    <center>nginx</center>
  </body>
</html>
]]></system-out>
  </testcase>
  <testcase name="testdeleteUserByname" classname="api.test.UserTests" time="1.534"/>
</testsuite>