<?xml version="1.0" encoding="UTF-8"?>
<testng-results ignored="0" total="4" passed="4" failed="0" skipped="0">
  <reporter-output>
  </reporter-output>
  <suite started-at="2024-11-23T15:32:55Z" name="Surefire suite" finished-at="2024-11-23T15:33:08Z" duration-ms="12765">
    <groups>
    </groups>
    <test started-at="2024-11-23T15:32:55Z" name="Surefire test" finished-at="2024-11-23T15:33:08Z" duration-ms="12765">
      <class name="api.test.UserTests">
        <test-method is-config="true" signature="setupData()[pri:0, instance:api.test.UserTests@6b0c2d26]" started-at="2024-11-23T21:02:55Z" name="setupData" finished-at="2024-11-23T21:02:56Z" duration-ms="376" status="PASS">
          <reporter-output>
          </reporter-output>
        </test-method> <!-- setupData -->
        <test-method signature="testPostUser()[pri:1, instance:api.test.UserTests@6b0c2d26]" started-at="2024-11-23T21:02:56Z" name="testPostUser" finished-at="2024-11-23T21:03:02Z" duration-ms="6098" status="PASS">
          <reporter-output>
          </reporter-output>
        </test-method> <!-- testPostUser -->
        <test-method signature="testGetUserByname()[pri:2, instance:api.test.UserTests@6b0c2d26]" started-at="2024-11-23T21:03:02Z" name="testGetUserByname" finished-at="2024-11-23T21:03:04Z" duration-ms="1564" status="PASS">
          <reporter-output>
          </reporter-output>
        </test-method> <!-- testGetUserByname -->
        <test-method signature="testUpdateUserByName()[pri:3, instance:api.test.UserTests@6b0c2d26]" started-at="2024-11-23T21:03:04Z" name="testUpdateUserByName" finished-at="2024-11-23T21:03:07Z" duration-ms="3167" status="PASS">
          <reporter-output>
          </reporter-output>
        </test-method> <!-- testUpdateUserByName -->
        <test-method signature="testdeleteUserByname()[pri:4, instance:api.test.UserTests@6b0c2d26]" started-at="2024-11-23T21:03:07Z" name="testdeleteUserByname" finished-at="2024-11-23T21:03:08Z" duration-ms="1535" status="PASS">
          <reporter-output>
          </reporter-output>
        </test-method> <!-- testdeleteUserByname -->
      </class> <!-- api.test.UserTests -->
    </test> <!-- Surefire test -->
  </suite> <!-- Surefire suite -->
</testng-results>
